<?xml version="1.0" encoding="UTF-8"?>
<!-- Generated by org.testng.reporters.JUnitXMLReporter -->
<testsuite ignored="0" hostname="LAPTOP-NNEH4MU1" failures="0" tests="2" name="PostTestsNOTSUCESS" time="5.345" errors="0" timestamp="18 Mar 2021 02:18:28 GMT">
  <testcase classname="api_test.posts.PostEndPointNOTSUCESSTests" name="Test_Creat_Post_NOTSuccessToken" time="2.766"/>
  <testcase classname="api_test.posts.PostEndPointNOTSUCESSTests" name="Test_Search_Post_NOID" time="1.827"/>
</testsuite> <!-- PostTestsNOTSUCESS -->
