<?xml version="1.0" encoding="UTF-8"?>
<testsuite xmlns:xsi="http://www.w3.org/2001/XMLSchema-instance" xsi:noNamespaceSchemaLocation="https://maven.apache.org/surefire/maven-surefire-plugin/xsd/surefire-test-report.xsd" name="TestSuite" time="14.391" tests="7" errors="0" skipped="0" failures="2">
  <properties>
[...]
</properties>
  <testcase name="Test_Creat_Post_NOTSuccessToken" classname="api_test.posts.PostEndPointNOTSUCESSTests" time="2.765"/>
  <testcase name="Test_Create_Post_Success" classname="api_test.posts.PostEndPointTests" time="1.515"/>
  <testcase name="Test_Search_Post_NOID" classname="api_test.posts.PostEndPointNOTSUCESSTests" time="1.827"/>
  <testcase name="Test_Delete_Post_by_ID" classname="api_test.posts.PostEndPointTests" time="1.633"/>
  <testcase name="Test_Get_all_Post" classname="api_test.posts.PostEndPointTests" time="1.812"/>
  <testcase name="Test_Modify_Post_by_ID" classname="api_test.posts.PostEndPointTests" time="1.844">
    <failure message="1 expectation failed.&#10;Expected status code &lt;200&gt; but was &lt;406&gt;.&#10;" type="java.lang.AssertionError"><![CDATA[java.lang.AssertionError: 
1 expectation failed.
Expected status code <200> but was <406>.

	at api_test.posts.PostEndPointTests.Test_Modify_Post_by_ID(PostEndPointTests.java:86)
]]></failure>
  </testcase>
  <testcase name="Test_Search_Post_ID" classname="api_test.posts.PostEndPointTests" time="1.703">
    <failure message="1 expectation failed.&#10;Expected status code &lt;200&gt; but was &lt;404&gt;.&#10;" type="java.lang.AssertionError"><![CDATA[java.lang.AssertionError: 
1 expectation failed.
Expected status code <200> but was <404>.

	at api_test.posts.PostEndPointTests.Test_Search_Post_ID(PostEndPointTests.java:70)
]]></failure>
  </testcase>
</testsuite>