<?xml version="1.0" encoding="UTF-8"?>
<testng-results ignored="0" total="7" passed="7" failed="0" skipped="0">
  <reporter-output>
  </reporter-output>
  <suite started-at="2021-03-19T00:17:09Z" name="LocalExecution" finished-at="2021-03-19T00:17:34Z" duration-ms="25227">
    <groups>
      <group name="create_post">
        <method signature="PostEndPointTests.Test_Delete_Post_by_ID()[pri:2, instance:api_test.posts.PostEndPointTests@5a4aa2f2]" name="Test_Delete_Post_by_ID" class="api_test.posts.PostEndPointTests"/>
        <method signature="PostEndPointTests.Test_Modify_Post_by_ID()[pri:1, instance:api_test.posts.PostEndPointTests@5a4aa2f2]" name="Test_Modify_Post_by_ID" class="api_test.posts.PostEndPointTests"/>
        <method signature="PostEndPointTests.Test_Search_Post_ID()[pri:0, instance:api_test.posts.PostEndPointTests@5a4aa2f2]" name="Test_Search_Post_ID" class="api_test.posts.PostEndPointTests"/>
      </group> <!-- create_post -->
    </groups>
    <test started-at="2021-03-19T00:17:09Z" name="PostTestsNOTSUCESS" finished-at="2021-03-19T00:17:20Z" duration-ms="11575">
      <class name="api_test.posts.PostEndPointNOTSUCESSTests">
        <test-method is-config="true" signature="setup(java.lang.String)[pri:0, instance:api_test.posts.PostEndPointNOTSUCESSTests@44a664f2]" started-at="2021-03-19T00:17:09Z" name="setup" finished-at="2021-03-19T00:17:11Z" duration-ms="2093" status="PASS">
          <params>
            <param index="0">
              <value>
                <![CDATA[https://api-coffee-testing.herokuapp.com]]>
              </value>
            </param>
          </params>
          <reporter-output>
          </reporter-output>
        </test-method> <!-- setup -->
        <test-method signature="Test_Creat_Post_NOTSuccessToken()[pri:0, instance:api_test.posts.PostEndPointNOTSUCESSTests@44a664f2]" started-at="2021-03-19T00:17:11Z" name="Test_Creat_Post_NOTSuccessToken" finished-at="2021-03-19T00:17:16Z" duration-ms="5527" status="PASS">
          <reporter-output>
          </reporter-output>
        </test-method> <!-- Test_Creat_Post_NOTSuccessToken -->
        <test-method signature="Test_Search_Post_NOID()[pri:0, instance:api_test.posts.PostEndPointNOTSUCESSTests@44a664f2]" started-at="2021-03-19T00:17:16Z" name="Test_Search_Post_NOID" finished-at="2021-03-19T00:17:20Z" duration-ms="3899" status="PASS">
          <reporter-output>
          </reporter-output>
        </test-method> <!-- Test_Search_Post_NOID -->
      </class> <!-- api_test.posts.PostEndPointNOTSUCESSTests -->
    </test> <!-- PostTestsNOTSUCESS -->
    <test started-at="2021-03-19T00:17:09Z" name="PostTests" finished-at="2021-03-19T00:17:34Z" duration-ms="25227">
      <class name="api_test.posts.PostEndPointTests">
        <test-method is-config="true" signature="setup(java.lang.String)[pri:0, instance:api_test.posts.PostEndPointTests@5a4aa2f2]" started-at="2021-03-19T00:17:09Z" name="setup" finished-at="2021-03-19T00:17:11Z" duration-ms="2093" status="PASS">
          <params>
            <param index="0">
              <value>
                <![CDATA[https://api-coffee-testing.herokuapp.com]]>
              </value>
            </param>
          </params>
          <reporter-output>
          </reporter-output>
        </test-method> <!-- setup -->
        <test-method signature="Test_Create_Post_Success()[pri:0, instance:api_test.posts.PostEndPointTests@5a4aa2f2]" started-at="2021-03-19T00:17:11Z" name="Test_Create_Post_Success" finished-at="2021-03-19T00:17:20Z" duration-ms="9258" status="PASS">
          <reporter-output>
          </reporter-output>
        </test-method> <!-- Test_Create_Post_Success -->
        <test-method signature="Test_Get_all_Post()[pri:0, instance:api_test.posts.PostEndPointTests@5a4aa2f2]" started-at="2021-03-19T00:17:20Z" name="Test_Get_all_Post" finished-at="2021-03-19T00:17:24Z" duration-ms="3587" status="PASS">
          <reporter-output>
          </reporter-output>
        </test-method> <!-- Test_Get_all_Post -->
        <test-method is-config="true" signature="CreatePosts()[pri:0, instance:api_test.posts.PostEndPointTests@5a4aa2f2]" started-at="2021-03-19T00:17:24Z" name="CreatePosts" finished-at="2021-03-19T00:17:26Z" duration-ms="2635" status="PASS">
          <reporter-output>
          </reporter-output>
        </test-method> <!-- CreatePosts -->
        <test-method signature="Test_Search_Post_ID()[pri:0, instance:api_test.posts.PostEndPointTests@5a4aa2f2]" started-at="2021-03-19T00:17:26Z" name="Test_Search_Post_ID" finished-at="2021-03-19T00:17:29Z" duration-ms="2589" status="PASS">
          <reporter-output>
          </reporter-output>
        </test-method> <!-- Test_Search_Post_ID -->
        <test-method signature="Test_Modify_Post_by_ID()[pri:1, instance:api_test.posts.PostEndPointTests@5a4aa2f2]" started-at="2021-03-19T00:17:29Z" name="Test_Modify_Post_by_ID" finished-at="2021-03-19T00:17:31Z" duration-ms="2470" status="PASS">
          <reporter-output>
          </reporter-output>
        </test-method> <!-- Test_Modify_Post_by_ID -->
        <test-method signature="Test_Delete_Post_by_ID()[pri:2, instance:api_test.posts.PostEndPointTests@5a4aa2f2]" started-at="2021-03-19T00:17:31Z" name="Test_Delete_Post_by_ID" finished-at="2021-03-19T00:17:34Z" duration-ms="2531" status="PASS">
          <reporter-output>
          </reporter-output>
        </test-method> <!-- Test_Delete_Post_by_ID -->
      </class> <!-- api_test.posts.PostEndPointTests -->
    </test> <!-- PostTests -->
  </suite> <!-- LocalExecution -->
</testng-results>
